<?xml version="1.0" encoding="UTF-8"?>
<!-- Generated by org.testng.reporters.JUnitXMLReporter -->
<testsuite hostname="anita-ThinkPad-E480" ignored="0" name="StackOverflowAPITest" tests="3" failures="0" timestamp="2020-09-02T00:21:16 IST" time="7.389" errors="0">
  <testcase name="verifyStatusCode" time="0.008" classname="testcases.TC01_GET_BadgesIDsAPI"/>
  <testcase name="verifyStatusCodeAndStatusLine" time="0.001" classname="testcases.TC03_GET_BadgesTags"/>
  <testcase name="verifyStatusCodeAndStatusLine" time="0.001" classname="testcases.TC02_GET_badgesRecipients"/>
</testsuite> <!-- StackOverflowAPITest -->
